c:\users\unai morentin\desktop\digipen\gam300-350\cs380finalproject\project\release\vc142.pdb
c:\users\unai morentin\desktop\digipen\gam300-350\cs380finalproject\project\release\quoridorplayer.obj
c:\users\unai morentin\desktop\digipen\gam300-350\cs380finalproject\project\release\montecarlo.obj
c:\users\unai morentin\desktop\digipen\gam300-350\cs380finalproject\project\release\multianimation.obj
c:\users\unai morentin\desktop\digipen\gam300-350\cs380finalproject\project\release\action.obj
c:\users\unai morentin\desktop\digipen\gam300-350\cs380finalproject\project\release\mctsquoridorproject.pch
c:\users\unai morentin\desktop\digipen\gam300-350\cs380finalproject\project\release\stdafx.obj
c:\users\unai morentin\desktop\digipen\gam300-350\cs380finalproject\project\release\map.obj
c:\users\unai morentin\desktop\digipen\gam300-350\cs380finalproject\project\release\enemy_student.obj
c:\users\unai morentin\desktop\digipen\gam300-350\cs380finalproject\project\release\enemy.obj
c:\users\unai morentin\desktop\digipen\gam300-350\cs380finalproject\project\release\sdkwavefile.obj
c:\users\unai morentin\desktop\digipen\gam300-350\cs380finalproject\project\release\sdksound.obj
c:\users\unai morentin\desktop\digipen\gam300-350\cs380finalproject\project\release\sdkmisc.obj
c:\users\unai morentin\desktop\digipen\gam300-350\cs380finalproject\project\release\dxutsettingsdlg.obj
c:\users\unai morentin\desktop\digipen\gam300-350\cs380finalproject\project\release\dxutres.obj
c:\users\unai morentin\desktop\digipen\gam300-350\cs380finalproject\project\release\dxutmisc.obj
c:\users\unai morentin\desktop\digipen\gam300-350\cs380finalproject\project\release\dxutgui.obj
c:\users\unai morentin\desktop\digipen\gam300-350\cs380finalproject\project\release\dxutenum.obj
c:\users\unai morentin\desktop\digipen\gam300-350\cs380finalproject\project\release\dxutcamera.obj
c:\users\unai morentin\desktop\digipen\gam300-350\cs380finalproject\project\release\dxut.obj
c:\users\unai morentin\desktop\digipen\gam300-350\cs380finalproject\project\release\clock.obj
c:\users\unai morentin\desktop\digipen\gam300-350\cs380finalproject\project\release\blackboard.obj
c:\users\unai morentin\desktop\digipen\gam300-350\cs380finalproject\project\release\animationinstance.obj
c:\users\unai morentin\desktop\digipen\gam300-350\cs380finalproject\project\release\allochierarchy.obj
c:\users\unai morentin\desktop\digipen\gam300-350\cs380finalproject\project\release\world.obj
c:\users\unai morentin\desktop\digipen\gam300-350\cs380finalproject\project\release\triggersystem.obj
c:\users\unai morentin\desktop\digipen\gam300-350\cs380finalproject\project\release\terrain_student.obj
c:\users\unai morentin\desktop\digipen\gam300-350\cs380finalproject\project\release\terrain.obj
c:\users\unai morentin\desktop\digipen\gam300-350\cs380finalproject\project\release\statemch.obj
c:\users\unai morentin\desktop\digipen\gam300-350\cs380finalproject\project\release\msgroute.obj
c:\users\unai morentin\desktop\digipen\gam300-350\cs380finalproject\project\release\msg.obj
c:\users\unai morentin\desktop\digipen\gam300-350\cs380finalproject\project\release\movement_student.obj
c:\users\unai morentin\desktop\digipen\gam300-350\cs380finalproject\project\release\movement.obj
c:\users\unai morentin\desktop\digipen\gam300-350\cs380finalproject\project\release\gameobject.obj
c:\users\unai morentin\desktop\digipen\gam300-350\cs380finalproject\project\release\debuglog.obj
c:\users\unai morentin\desktop\digipen\gam300-350\cs380finalproject\project\release\debugdrawing.obj
c:\users\unai morentin\desktop\digipen\gam300-350\cs380finalproject\project\release\database.obj
c:\users\unai morentin\desktop\digipen\gam300-350\cs380finalproject\project\release\body.obj
c:\users\unai morentin\desktop\digipen\gam300-350\cs380finalproject\project\release\agent.obj
c:\users\unai morentin\desktop\digipen\gam300-350\cs380finalproject\project\release\tiny.obj
c:\users\unai morentin\desktop\digipen\gam300-350\cs380finalproject\project\release\random.obj
c:\users\unai morentin\desktop\digipen\gam300-350\cs380finalproject\project\release\pathfindingtests.obj
c:\users\unai morentin\desktop\digipen\gam300-350\cs380finalproject\project\release\multianimationlib.obj
c:\users\unai morentin\desktop\digipen\gam300-350\cs380finalproject\project\release\mctsquoridorproject.exe
c:\users\unai morentin\desktop\digipen\gam300-350\cs380finalproject\project\release\mctsquoridorproject.pdb
c:\users\unai morentin\desktop\digipen\gam300-350\cs380finalproject\project\release\mctsquoridorproject.ipdb
c:\users\unai morentin\desktop\digipen\gam300-350\cs380finalproject\project\release\mctsquoridorproject.iobj
c:\users\unai morentin\desktop\digipen\gam300-350\cs380finalproject\project\release\multianimation.res
c:\users\unai morentin\desktop\digipen\gam300-350\cs380finalproject\project\release\mctsquor.aeebc1c1.tlog\cl.command.1.tlog
c:\users\unai morentin\desktop\digipen\gam300-350\cs380finalproject\project\release\mctsquor.aeebc1c1.tlog\cl.read.1.tlog
c:\users\unai morentin\desktop\digipen\gam300-350\cs380finalproject\project\release\mctsquor.aeebc1c1.tlog\cl.write.1.tlog
c:\users\unai morentin\desktop\digipen\gam300-350\cs380finalproject\project\release\mctsquor.aeebc1c1.tlog\link.command.1.tlog
c:\users\unai morentin\desktop\digipen\gam300-350\cs380finalproject\project\release\mctsquor.aeebc1c1.tlog\link.read.1.tlog
c:\users\unai morentin\desktop\digipen\gam300-350\cs380finalproject\project\release\mctsquor.aeebc1c1.tlog\link.write.1.tlog
c:\users\unai morentin\desktop\digipen\gam300-350\cs380finalproject\project\release\mctsquor.aeebc1c1.tlog\mctsquoridorproject.write.1u.tlog
c:\users\unai morentin\desktop\digipen\gam300-350\cs380finalproject\project\release\mctsquor.aeebc1c1.tlog\rc.command.1.tlog
c:\users\unai morentin\desktop\digipen\gam300-350\cs380finalproject\project\release\mctsquor.aeebc1c1.tlog\rc.read.1.tlog
c:\users\unai morentin\desktop\digipen\gam300-350\cs380finalproject\project\release\mctsquor.aeebc1c1.tlog\rc.write.1.tlog
