  Stdafx.cpp
C:\Users\Unai\OneDrive\Documentos\GitHub\CS380FinalProject\Project\Source\MonteCarlo.h(3,12): warning C4099: 'TileQ': nombre de tipo visto anteriormente usando 'struct' ahora se ve usando 'class'
C:\Users\Unai\OneDrive\Documentos\GitHub\CS380FinalProject\Project\Source\QuoridorPlayer.h(3): message : vea la declaración de 'TileQ'
C:\Users\Unai\OneDrive\Documentos\GitHub\CS380FinalProject\Project\Source\gameobject.h(33,12): warning C4099: 'TileQ': nombre de tipo visto anteriormente usando 'struct' ahora se ve usando 'class'
C:\Users\Unai\OneDrive\Documentos\GitHub\CS380FinalProject\Project\Source\MonteCarlo.h(3): message : vea la declaración de 'TileQ'
  Action.cpp
  AllocHierarchy.cpp
  AnimationInstance.cpp
  Blackboard.cpp
  Clock.cpp
  DXUT.cpp
  DXUTcamera.cpp
  DXUTenum.cpp
  DXUTgui.cpp
  DXUTmisc.cpp
  DXUTres.cpp
  DXUTsettingsdlg.cpp
  SDKmisc.cpp
  SDKsound.cpp
  SDKwavefile.cpp
  Enemy.cpp
  Enemy_student.cpp
  Map.cpp
C:\Program Files (x86)\Microsoft Visual Studio\2019\Community\VC\Tools\MSVC\14.29.30133\include\ostream(283,1): warning C4530: Se ha utilizado el controlador de excepciones de C++, pero la semántica de desenredo no está habilitada. Especifique /EHsc
C:\Program Files (x86)\Microsoft Visual Studio\2019\Community\VC\Tools\MSVC\14.29.30133\include\ostream(268): message : al compilar la función del miembro clase plantilla "std::basic_ostream<char,std::char_traits<char>> &std::basic_ostream<char,std::char_traits<char>>::operator <<(int)"
C:\Users\Unai\OneDrive\Documentos\GitHub\CS380FinalProject\Project\Source\Map.cpp(136): message : Vea la referencia a la creación de una instancia de la función plantilla "std::basic_ostream<char,std::char_traits<char>> &std::basic_ostream<char,std::char_traits<char>>::operator <<(int)" que se está compilando
C:\Program Files (x86)\Microsoft Visual Studio\2019\Community\VC\Tools\MSVC\14.29.30133\include\fstream(989): message : Vea la referencia a la creación de una instancia de clase plantilla "std::basic_ostream<char,std::char_traits<char>>" que se está compilando
C:\Users\Unai\OneDrive\Documentos\GitHub\CS380FinalProject\Project\Source\Map.cpp(125): message : Vea la referencia a la creación de una instancia de clase plantilla "std::basic_ofstream<char,std::char_traits<char>>" que se está compilando
  MonteCarlo.cpp
C:\Users\Unai\OneDrive\Documentos\GitHub\CS380FinalProject\Project\Source\MonteCarlo.cpp(75,13): warning C4244: 'argumento': conversión de 'time_t' a 'unsigned int'; posible pérdida de datos
C:\Users\Unai\OneDrive\Documentos\GitHub\CS380FinalProject\Project\Source\MonteCarlo.cpp(77,22): warning C4244: 'inicializando': conversión de 'double' a 'float'; posible pérdida de datos
C:\Users\Unai\OneDrive\Documentos\GitHub\CS380FinalProject\Project\Source\MonteCarlo.cpp(231,21): warning C4244: 'inicializando': conversión de 'double' a 'float'; posible pérdida de datos
C:\Users\Unai\OneDrive\Documentos\GitHub\CS380FinalProject\Project\Source\MonteCarlo.cpp(352,22): warning C4244: 'inicializando': conversión de 'double' a 'float'; posible pérdida de datos
C:\Users\Unai\OneDrive\Documentos\GitHub\CS380FinalProject\Project\Source\MonteCarlo.cpp(405,13): warning C4244: 'argumento': conversión de 'time_t' a 'unsigned int'; posible pérdida de datos
C:\Users\Unai\OneDrive\Documentos\GitHub\CS380FinalProject\Project\Source\MonteCarlo.cpp(454,13): warning C4244: 'argumento': conversión de 'time_t' a 'unsigned int'; posible pérdida de datos
C:\Program Files (x86)\Microsoft Visual Studio\2019\Community\VC\Tools\MSVC\14.29.30133\include\ostream(392,1): warning C4530: Se ha utilizado el controlador de excepciones de C++, pero la semántica de desenredo no está habilitada. Especifique /EHsc
C:\Program Files (x86)\Microsoft Visual Studio\2019\Community\VC\Tools\MSVC\14.29.30133\include\ostream(385): message : al compilar la función del miembro clase plantilla "std::basic_ostream<char,std::char_traits<char>> &std::basic_ostream<char,std::char_traits<char>>::operator <<(float)"
C:\Users\Unai\OneDrive\Documentos\GitHub\CS380FinalProject\Project\Source\MonteCarlo.cpp(182): message : Vea la referencia a la creación de una instancia de la función plantilla "std::basic_ostream<char,std::char_traits<char>> &std::basic_ostream<char,std::char_traits<char>>::operator <<(float)" que se está compilando
C:\Program Files (x86)\Microsoft Visual Studio\2019\Community\VC\Tools\MSVC\14.29.30133\include\istream(708): message : Vea la referencia a la creación de una instancia de clase plantilla "std::basic_ostream<char,std::char_traits<char>>" que se está compilando
C:\Program Files (x86)\Microsoft Visual Studio\2019\Community\VC\Tools\MSVC\14.29.30133\include\sstream(786): message : Vea la referencia a la creación de una instancia de clase plantilla "std::basic_iostream<char,std::char_traits<char>>" que se está compilando
C:\Users\Unai\OneDrive\Documentos\GitHub\CS380FinalProject\Project\Source\MonteCarlo.cpp(107): message : Vea la referencia a la creación de una instancia de clase plantilla "std::basic_stringstream<char,std::char_traits<char>,std::allocator<char>>" que se está compilando
  MultiAnimation.cpp
  Compilando...
  MultiAnimationLib.cpp
C:\Users\Unai\OneDrive\Documentos\GitHub\CS380FinalProject\Project\Source\MultiAnimationLib.cpp(478,5): warning C4530: Se ha utilizado el controlador de excepciones de C++, pero la semántica de desenredo no está habilitada. Especifique /EHsc
  PathfindingTests.cpp
C:\Program Files (x86)\Microsoft Visual Studio\2019\Community\VC\Tools\MSVC\14.29.30133\include\ostream(410,1): warning C4530: Se ha utilizado el controlador de excepciones de C++, pero la semántica de desenredo no está habilitada. Especifique /EHsc
C:\Program Files (x86)\Microsoft Visual Studio\2019\Community\VC\Tools\MSVC\14.29.30133\include\ostream(403): message : al compilar la función del miembro clase plantilla "std::basic_ostream<char,std::char_traits<char>> &std::basic_ostream<char,std::char_traits<char>>::operator <<(double)"
C:\Users\Unai\OneDrive\Documentos\GitHub\CS380FinalProject\Project\Source\PathfindingTests.cpp(371): message : Vea la referencia a la creación de una instancia de la función plantilla "std::basic_ostream<char,std::char_traits<char>> &std::basic_ostream<char,std::char_traits<char>>::operator <<(double)" que se está compilando
C:\Program Files (x86)\Microsoft Visual Studio\2019\Community\VC\Tools\MSVC\14.29.30133\include\fstream(989): message : Vea la referencia a la creación de una instancia de clase plantilla "std::basic_ostream<char,std::char_traits<char>>" que se está compilando
C:\Users\Unai\OneDrive\Documentos\GitHub\CS380FinalProject\Project\Source\PathfindingTests.cpp(192): message : Vea la referencia a la creación de una instancia de clase plantilla "std::basic_ofstream<char,std::char_traits<char>>" que se está compilando
  QuoridorPlayer.cpp
C:\Users\Unai\OneDrive\Documentos\GitHub\CS380FinalProject\Project\Source\QuoridorPlayer.cpp(255,17): warning C4244: 'argumento': conversión de 'time_t' a 'unsigned int'; posible pérdida de datos
C:\Users\Unai\OneDrive\Documentos\GitHub\CS380FinalProject\Project\Source\QuoridorPlayer.cpp(305,17): warning C4244: 'argumento': conversión de 'time_t' a 'unsigned int'; posible pérdida de datos
C:\Users\Unai\OneDrive\Documentos\GitHub\CS380FinalProject\Project\Source\QuoridorPlayer.cpp(355,17): warning C4244: 'argumento': conversión de 'time_t' a 'unsigned int'; posible pérdida de datos
C:\Users\Unai\OneDrive\Documentos\GitHub\CS380FinalProject\Project\Source\QuoridorPlayer.cpp(405,17): warning C4244: 'argumento': conversión de 'time_t' a 'unsigned int'; posible pérdida de datos
C:\Users\Unai\OneDrive\Documentos\GitHub\CS380FinalProject\Project\Source\QuoridorPlayer.cpp(924,29): warning C4244: 'argumento': conversión de 'int' a 'float'; posible pérdida de datos
C:\Program Files (x86)\Microsoft Visual Studio\2019\Community\VC\Tools\MSVC\14.29.30133\include\vector(775,1): warning C4530: Se ha utilizado el controlador de excepciones de C++, pero la semántica de desenredo no está habilitada. Especifique /EHsc
C:\Program Files (x86)\Microsoft Visual Studio\2019\Community\VC\Tools\MSVC\14.29.30133\include\vector(734): message : Vea la referencia a la creación de una instancia de la función plantilla "int *std::vector<int,std::allocator<int>>::_Emplace_reallocate<_Ty>(int *const ,_Ty &&)" que se está compilando
          with
          [
              _Ty=int
          ]
C:\Program Files (x86)\Microsoft Visual Studio\2019\Community\VC\Tools\MSVC\14.29.30133\include\vector(734): message : Vea la referencia a la creación de una instancia de la función plantilla "int *std::vector<int,std::allocator<int>>::_Emplace_reallocate<_Ty>(int *const ,_Ty &&)" que se está compilando
          with
          [
              _Ty=int
          ]
C:\Program Files (x86)\Microsoft Visual Studio\2019\Community\VC\Tools\MSVC\14.29.30133\include\vector(748): message : Vea la referencia a la creación de una instancia de la función plantilla "void std::vector<int,std::allocator<int>>::emplace_back<int>(int &&)" que se está compilando
C:\Program Files (x86)\Microsoft Visual Studio\2019\Community\VC\Tools\MSVC\14.29.30133\include\vector(746): message : al compilar la función del miembro clase plantilla "void std::vector<int,std::allocator<int>>::push_back(_Ty &&)"
          with
          [
              _Ty=int
          ]
C:\Users\Unai\OneDrive\Documentos\GitHub\CS380FinalProject\Project\Source\QuoridorPlayer.cpp(1114): message : Vea la referencia a la creación de una instancia de la función plantilla "void std::vector<int,std::allocator<int>>::push_back(_Ty &&)" que se está compilando
          with
          [
              _Ty=int
          ]
C:\Users\Unai\OneDrive\Documentos\GitHub\CS380FinalProject\Project\Source\QuoridorPlayer.h(82): message : Vea la referencia a la creación de una instancia de clase plantilla "std::vector<int,std::allocator<int>>" que se está compilando
  Random.cpp
  Tiny.cpp
C:\Users\Unai\OneDrive\Documentos\GitHub\CS380FinalProject\Project\Source\Tiny.cpp(183,2): warning C4530: Se ha utilizado el controlador de excepciones de C++, pero la semántica de desenredo no está habilitada. Especifique /EHsc
  agent.cpp
C:\Program Files (x86)\Microsoft Visual Studio\2019\Community\VC\Tools\MSVC\14.29.30133\include\ostream(410,1): warning C4530: Se ha utilizado el controlador de excepciones de C++, pero la semántica de desenredo no está habilitada. Especifique /EHsc
C:\Program Files (x86)\Microsoft Visual Studio\2019\Community\VC\Tools\MSVC\14.29.30133\include\ostream(403): message : al compilar la función del miembro clase plantilla "std::basic_ostream<char,std::char_traits<char>> &std::basic_ostream<char,std::char_traits<char>>::operator <<(double)"
C:\Users\Unai\OneDrive\Documentos\GitHub\CS380FinalProject\Project\Source\agent.cpp(435): message : Vea la referencia a la creación de una instancia de la función plantilla "std::basic_ostream<char,std::char_traits<char>> &std::basic_ostream<char,std::char_traits<char>>::operator <<(double)" que se está compilando
C:\Program Files (x86)\Microsoft Visual Studio\2019\Community\VC\Tools\MSVC\14.29.30133\include\fstream(989): message : Vea la referencia a la creación de una instancia de clase plantilla "std::basic_ostream<char,std::char_traits<char>>" que se está compilando
C:\Users\Unai\OneDrive\Documentos\GitHub\CS380FinalProject\Project\Source\agent.cpp(433): message : Vea la referencia a la creación de una instancia de clase plantilla "std::basic_ofstream<char,std::char_traits<char>>" que se está compilando
  body.cpp
  database.cpp
C:\Program Files (x86)\Microsoft Visual Studio\2019\Community\VC\Tools\MSVC\14.29.30133\include\vector(775,1): warning C4530: Se ha utilizado el controlador de excepciones de C++, pero la semántica de desenredo no está habilitada. Especifique /EHsc
C:\Program Files (x86)\Microsoft Visual Studio\2019\Community\VC\Tools\MSVC\14.29.30133\include\vector(734): message : Vea la referencia a la creación de una instancia de la función plantilla "GameObject **std::vector<GameObject *,std::allocator<GameObject *>>::_Emplace_reallocate<const _Ty&>(GameObject **const ,const _Ty &)" que se está compilando
          with
          [
              _Ty=GameObject *
          ]
C:\Program Files (x86)\Microsoft Visual Studio\2019\Community\VC\Tools\MSVC\14.29.30133\include\vector(734): message : Vea la referencia a la creación de una instancia de la función plantilla "GameObject **std::vector<GameObject *,std::allocator<GameObject *>>::_Emplace_reallocate<const _Ty&>(GameObject **const ,const _Ty &)" que se está compilando
          with
          [
              _Ty=GameObject *
          ]
C:\Program Files (x86)\Microsoft Visual Studio\2019\Community\VC\Tools\MSVC\14.29.30133\include\vector(743): message : Vea la referencia a la creación de una instancia de la función plantilla "void std::vector<GameObject *,std::allocator<GameObject *>>::emplace_back<const _Ty&>(const _Ty &)" que se está compilando
          with
          [
              _Ty=GameObject *
          ]
C:\Program Files (x86)\Microsoft Visual Studio\2019\Community\VC\Tools\MSVC\14.29.30133\include\vector(742): message : al compilar la función del miembro clase plantilla "void std::vector<GameObject *,std::allocator<GameObject *>>::push_back(const _Ty &)"
          with
          [
              _Ty=GameObject *
          ]
C:\Users\Unai\OneDrive\Documentos\GitHub\CS380FinalProject\Project\Source\database.cpp(297): message : Vea la referencia a la creación de una instancia de la función plantilla "void std::vector<GameObject *,std::allocator<GameObject *>>::push_back(const _Ty &)" que se está compilando
          with
          [
              _Ty=GameObject *
          ]
C:\Users\Unai\OneDrive\Documentos\GitHub\CS380FinalProject\Project\Source\database.cpp(297): message : Vea la referencia a la creación de una instancia de clase plantilla "std::vector<GameObject *,std::allocator<GameObject *>>" que se está compilando
  debugdrawing.cpp
  debuglog.cpp
  gameobject.cpp
  movement.cpp
  movement_student.cpp
  msg.cpp
  msgroute.cpp
  statemch.cpp
C:\Program Files (x86)\Microsoft Visual Studio\2019\Community\VC\Tools\MSVC\14.29.30133\include\vector(775,1): warning C4530: Se ha utilizado el controlador de excepciones de C++, pero la semántica de desenredo no está habilitada. Especifique /EHsc
C:\Program Files (x86)\Microsoft Visual Studio\2019\Community\VC\Tools\MSVC\14.29.30133\include\vector(734): message : Vea la referencia a la creación de una instancia de la función plantilla "StateMachinePersistentData **std::vector<StateMachinePersistentData *,std::allocator<StateMachinePersistentData *>>::_Emplace_reallocate<const _Ty&>(StateMachinePersistentData **const ,const _Ty &)" que se está compilando
          with
          [
              _Ty=StateMachinePersistentData *
          ]
C:\Program Files (x86)\Microsoft Visual Studio\2019\Community\VC\Tools\MSVC\14.29.30133\include\vector(734): message : Vea la referencia a la creación de una instancia de la función plantilla "StateMachinePersistentData **std::vector<StateMachinePersistentData *,std::allocator<StateMachinePersistentData *>>::_Emplace_reallocate<const _Ty&>(StateMachinePersistentData **const ,const _Ty &)" que se está compilando
          with
          [
              _Ty=StateMachinePersistentData *
          ]
C:\Program Files (x86)\Microsoft Visual Studio\2019\Community\VC\Tools\MSVC\14.29.30133\include\vector(743): message : Vea la referencia a la creación de una instancia de la función plantilla "void std::vector<StateMachinePersistentData *,std::allocator<StateMachinePersistentData *>>::emplace_back<const _Ty&>(const _Ty &)" que se está compilando
          with
          [
              _Ty=StateMachinePersistentData *
          ]
C:\Program Files (x86)\Microsoft Visual Studio\2019\Community\VC\Tools\MSVC\14.29.30133\include\vector(742): message : al compilar la función del miembro clase plantilla "void std::vector<StateMachinePersistentData *,std::allocator<StateMachinePersistentData *>>::push_back(const _Ty &)"
          with
          [
              _Ty=StateMachinePersistentData *
          ]
C:\Users\Unai\OneDrive\Documentos\GitHub\CS380FinalProject\Project\Source\statemch.cpp(1216): message : Vea la referencia a la creación de una instancia de la función plantilla "void std::vector<StateMachinePersistentData *,std::allocator<StateMachinePersistentData *>>::push_back(const _Ty &)" que se está compilando
          with
          [
              _Ty=StateMachinePersistentData *
          ]
C:\Users\Unai\OneDrive\Documentos\GitHub\CS380FinalProject\Project\Source\statemch.h(461): message : Vea la referencia a la creación de una instancia de clase plantilla "std::vector<StateMachinePersistentData *,std::allocator<StateMachinePersistentData *>>" que se está compilando
  terrain.cpp
C:\Program Files (x86)\Microsoft Visual Studio\2019\Community\VC\Tools\MSVC\14.29.30133\include\vector(775,1): warning C4530: Se ha utilizado el controlador de excepciones de C++, pero la semántica de desenredo no está habilitada. Especifique /EHsc
C:\Program Files (x86)\Microsoft Visual Studio\2019\Community\VC\Tools\MSVC\14.29.30133\include\vector(734): message : Vea la referencia a la creación de una instancia de la función plantilla "Map *std::vector<Map,std::allocator<Map>>::_Emplace_reallocate<_Ty>(Map *const ,_Ty &&)" que se está compilando
          with
          [
              _Ty=Map
          ]
C:\Program Files (x86)\Microsoft Visual Studio\2019\Community\VC\Tools\MSVC\14.29.30133\include\vector(734): message : Vea la referencia a la creación de una instancia de la función plantilla "Map *std::vector<Map,std::allocator<Map>>::_Emplace_reallocate<_Ty>(Map *const ,_Ty &&)" que se está compilando
          with
          [
              _Ty=Map
          ]
C:\Program Files (x86)\Microsoft Visual Studio\2019\Community\VC\Tools\MSVC\14.29.30133\include\vector(748): message : Vea la referencia a la creación de una instancia de la función plantilla "void std::vector<Map,std::allocator<Map>>::emplace_back<Map>(Map &&)" que se está compilando
C:\Program Files (x86)\Microsoft Visual Studio\2019\Community\VC\Tools\MSVC\14.29.30133\include\vector(746): message : al compilar la función del miembro clase plantilla "void std::vector<Map,std::allocator<Map>>::push_back(_Ty &&)"
          with
          [
              _Ty=Map
          ]
C:\Users\Unai\OneDrive\Documentos\GitHub\CS380FinalProject\Project\Source\terrain.cpp(42): message : Vea la referencia a la creación de una instancia de la función plantilla "void std::vector<Map,std::allocator<Map>>::push_back(_Ty &&)" que se está compilando
          with
          [
              _Ty=Map
          ]
C:\Users\Unai\OneDrive\Documentos\GitHub\CS380FinalProject\Project\Source\terrain.h(106): message : Vea la referencia a la creación de una instancia de clase plantilla "std::vector<Map,std::allocator<Map>>" que se está compilando
  terrain_student.cpp
  triggersystem.cpp
  world.cpp
LINK : warning LNK4075: se omite '/INCREMENTAL' debido a la especificación '/LTCG'
LINK : fatal error LNK1104: no se puede abrir el archivo 'Release\terrain_student.obj'
